未检测到 GPU，使用 CPU。
开始加载数据...
读取: ./data/16h5_training.pkl
读取: ./data/16h5_validation.pkl
读取: ./data/36h11_training.pkl
读取: ./data/36h11_validation.pkl
总样本数: 1296076
截取子集: 20000
加载 Marker 图像（可能稍微有点慢）...
Marker 生成完成。
Train: 14000, Test: 6000
DataGenerator: 共 14000 条 -> 实际使用 13952 条 (218 个 batch)
Model: "generator"
__________________________________________________________________________________________________
 Layer (type)                Output Shape                 Param #   Connected to                  
==================================================================================================
 input_template (InputLayer  [(None, 128, 128, 1)]        0         []                            
 )                                                                                                
                                                                                                  
 conv2d (Conv2D)             (None, 128, 128, 32)         544       ['input_template[0][0]']      
                                                                                                  
 leaky_re_lu (LeakyReLU)     (None, 128, 128, 32)         0         ['conv2d[0][0]']              
                                                                                                  
 max_pooling2d (MaxPooling2  (None, 64, 64, 32)           0         ['leaky_re_lu[0][0]']         
 D)                                                                                               
                                                                                                  
 conv2d_1 (Conv2D)           (None, 64, 64, 64)           32832     ['max_pooling2d[0][0]']       
                                                                                                  
 leaky_re_lu_1 (LeakyReLU)   (None, 64, 64, 64)           0         ['conv2d_1[0][0]']            
                                                                                                  
 batch_normalization (Batch  (None, 64, 64, 64)           256       ['leaky_re_lu_1[0][0]']       
 Normalization)                                                                                   
                                                                                                  
 max_pooling2d_1 (MaxPoolin  (None, 32, 32, 64)           0         ['batch_normalization[0][0]'] 
 g2D)                                                                                             
                                                                                                  
 conv2d_2 (Conv2D)           (None, 32, 32, 128)          131200    ['max_pooling2d_1[0][0]']     
                                                                                                  
 leaky_re_lu_2 (LeakyReLU)   (None, 32, 32, 128)          0         ['conv2d_2[0][0]']            
                                                                                                  
 batch_normalization_1 (Bat  (None, 32, 32, 128)          512       ['leaky_re_lu_2[0][0]']       
 chNormalization)                                                                                 
                                                                                                  
 max_pooling2d_2 (MaxPoolin  (None, 16, 16, 128)          0         ['batch_normalization_1[0][0]'
 g2D)                                                               ]                             
                                                                                                  
 conv2d_3 (Conv2D)           (None, 16, 16, 256)          524544    ['max_pooling2d_2[0][0]']     
                                                                                                  
 leaky_re_lu_3 (LeakyReLU)   (None, 16, 16, 256)          0         ['conv2d_3[0][0]']            
                                                                                                  
 batch_normalization_2 (Bat  (None, 16, 16, 256)          1024      ['leaky_re_lu_3[0][0]']       
 chNormalization)                                                                                 
                                                                                                  
 max_pooling2d_3 (MaxPoolin  (None, 8, 8, 256)            0         ['batch_normalization_2[0][0]'
 g2D)                                                               ]                             
                                                                                                  
 conv2d_4 (Conv2D)           (None, 8, 8, 512)            2097664   ['max_pooling2d_3[0][0]']     
                                                                                                  
 leaky_re_lu_4 (LeakyReLU)   (None, 8, 8, 512)            0         ['conv2d_4[0][0]']            
                                                                                                  
 batch_normalization_3 (Bat  (None, 8, 8, 512)            2048      ['leaky_re_lu_4[0][0]']       
 chNormalization)                                                                                 
                                                                                                  
 max_pooling2d_4 (MaxPoolin  (None, 4, 4, 512)            0         ['batch_normalization_3[0][0]'
 g2D)                                                               ]                             
                                                                                                  
 up_sampling2d (UpSampling2  (None, 8, 8, 512)            0         ['max_pooling2d_4[0][0]']     
 D)                                                                                               
                                                                                                  
 conv2d_5 (Conv2D)           (None, 8, 8, 256)            2097408   ['up_sampling2d[0][0]']       
                                                                                                  
 dropout (Dropout)           (None, 8, 8, 256)            0         ['conv2d_5[0][0]']            
                                                                                                  
 batch_normalization_4 (Bat  (None, 8, 8, 256)            1024      ['dropout[0][0]']             
 chNormalization)                                                                                 
                                                                                                  
 concatenate (Concatenate)   (None, 8, 8, 512)            0         ['batch_normalization_4[0][0]'
                                                                    , 'max_pooling2d_3[0][0]']    
                                                                                                  
 up_sampling2d_1 (UpSamplin  (None, 16, 16, 512)          0         ['concatenate[0][0]']         
 g2D)                                                                                             
                                                                                                  
 conv2d_6 (Conv2D)           (None, 16, 16, 128)          1048704   ['up_sampling2d_1[0][0]']     
                                                                                                  
 batch_normalization_5 (Bat  (None, 16, 16, 128)          512       ['conv2d_6[0][0]']            
 chNormalization)                                                                                 
                                                                                                  
 concatenate_1 (Concatenate  (None, 16, 16, 256)          0         ['batch_normalization_5[0][0]'
 )                                                                  , 'max_pooling2d_2[0][0]']    
                                                                                                  
 up_sampling2d_2 (UpSamplin  (None, 32, 32, 256)          0         ['concatenate_1[0][0]']       
 g2D)                                                                                             
                                                                                                  
 conv2d_7 (Conv2D)           (None, 32, 32, 1)            4097      ['up_sampling2d_2[0][0]']     
                                                                                                  
==================================================================================================
Total params: 5942369 (22.67 MB)
Trainable params: 5939681 (22.66 MB)
Non-trainable params: 2688 (10.50 KB)
__________________________________________________________________________________________________
Model: "discriminator"
__________________________________________________________________________________________________
 Layer (type)                Output Shape                 Param #   Connected to                  
==================================================================================================
 input_template (InputLayer  [(None, 128, 128, 1)]        0         []                            
 )                                                                                                
                                                                                                  
 conv2d_8 (Conv2D)           (None, 64, 64, 16)           272       ['input_template[0][0]']      
                                                                                                  
 leaky_re_lu_5 (LeakyReLU)   (None, 64, 64, 16)           0         ['conv2d_8[0][0]']            
                                                                                                  
 batch_normalization_6 (Bat  (None, 64, 64, 16)           64        ['leaky_re_lu_5[0][0]']       
 chNormalization)                                                                                 
                                                                                                  
 input_cap (InputLayer)      [(None, 32, 32, 1)]          0         []                            
                                                                                                  
 conv2d_9 (Conv2D)           (None, 32, 32, 32)           8224      ['batch_normalization_6[0][0]'
                                                                    ]                             
                                                                                                  
 conv2d_10 (Conv2D)          (None, 32, 32, 32)           544       ['input_cap[0][0]']           
                                                                                                  
 leaky_re_lu_6 (LeakyReLU)   (None, 32, 32, 32)           0         ['conv2d_9[0][0]']            
                                                                                                  
 leaky_re_lu_7 (LeakyReLU)   (None, 32, 32, 32)           0         ['conv2d_10[0][0]']           
                                                                                                  
 batch_normalization_7 (Bat  (None, 32, 32, 32)           128       ['leaky_re_lu_6[0][0]']       
 chNormalization)                                                                                 
                                                                                                  
 batch_normalization_8 (Bat  (None, 32, 32, 32)           128       ['leaky_re_lu_7[0][0]']       
 chNormalization)                                                                                 
                                                                                                  
 concatenate_2 (Concatenate  (None, 32, 32, 64)           0         ['batch_normalization_7[0][0]'
 )                                                                  , 'batch_normalization_8[0][0]
                                                                    ']                            
                                                                                                  
 conv2d_11 (Conv2D)          (None, 16, 16, 64)           65600     ['concatenate_2[0][0]']       
                                                                                                  
 leaky_re_lu_8 (LeakyReLU)   (None, 16, 16, 64)           0         ['conv2d_11[0][0]']           
                                                                                                  
 conv2d_12 (Conv2D)          (None, 8, 8, 128)            131200    ['leaky_re_lu_8[0][0]']       
                                                                                                  
 leaky_re_lu_9 (LeakyReLU)   (None, 8, 8, 128)            0         ['conv2d_12[0][0]']           
                                                                                                  
 batch_normalization_9 (Bat  (None, 8, 8, 128)            512       ['leaky_re_lu_9[0][0]']       
 chNormalization)                                                                                 
                                                                                                  
 conv2d_13 (Conv2D)          (None, 4, 4, 256)            524544    ['batch_normalization_9[0][0]'
                                                                    ]                             
                                                                                                  
 leaky_re_lu_10 (LeakyReLU)  (None, 4, 4, 256)            0         ['conv2d_13[0][0]']           
                                                                                                  
 batch_normalization_10 (Ba  (None, 4, 4, 256)            1024      ['leaky_re_lu_10[0][0]']      
 tchNormalization)                                                                                
                                                                                                  
 conv2d_14 (Conv2D)          (None, 4, 4, 1)              4097      ['batch_normalization_10[0][0]
                                                                    ']                            
                                                                                                  
==================================================================================================
Total params: 736337 (2.81 MB)
Trainable params: 735409 (2.81 MB)
Non-trainable params: 928 (3.62 KB)
__________________________________________________________________________________________________
每个 epoch 步数: 218

===== Epoch 1/5 =====
  step 0/218  Gen: 83.3185  Disc: 1.6340
  step 50/218  Gen: 10.5049  Disc: 1.1564
  step 100/218  Gen: 12.5685  Disc: 0.3174
  step 150/218  Gen: 15.3484  Disc: 0.4507
  step 200/218  Gen: 8.3655  Disc: 1.1426
  Epoch 平均 Generator loss: 12.114370833843127
  Epoch 平均 Discriminator loss: 0.9283609904280496
Epoch 1 用时 672.1 秒

===== Epoch 2/5 =====
  step 0/218  Gen: 9.5240  Disc: 0.4901
  step 50/218  Gen: 9.1073  Disc: 0.4962
  step 100/218  Gen: 8.9876  Disc: 1.4233
  step 150/218  Gen: 10.9223  Disc: 0.2292
  step 200/218  Gen: 6.8679  Disc: 1.0983
  Epoch 平均 Generator loss: 9.3724957409255
  Epoch 平均 Discriminator loss: 0.8222766684009395
Epoch 2 用时 677.6 秒

===== Epoch 3/5 =====
  step 0/218  Gen: 8.3305  Disc: 0.3891
  step 50/218  Gen: 11.6556  Disc: 0.1428
  step 100/218  Gen: 9.3258  Disc: 0.3325
  step 150/218  Gen: 14.1105  Disc: 0.1170
  step 200/218  Gen: 8.4629  Disc: 0.4317
  Epoch 平均 Generator loss: 9.80587602974078
  Epoch 平均 Discriminator loss: 0.6511454403810545
Epoch 3 用时 686.5 秒

===== Epoch 4/5 =====
  step 0/218  Gen: 10.0512  Disc: 0.3586
  step 50/218  Gen: 16.1636  Disc: 0.0700
  step 100/218  Gen: 8.0720  Disc: 0.4653
  step 150/218  Gen: 6.6432  Disc: 1.0849
  step 200/218  Gen: 8.1902  Disc: 0.4166
  Epoch 平均 Generator loss: 10.355040182761096
  Epoch 平均 Discriminator loss: 0.5374651316279938
Epoch 4 用时 773.5 秒

===== Epoch 5/5 =====
  step 0/218  Gen: 8.9633  Disc: 0.1616
  step 50/218  Gen: 6.5004  Disc: 2.2674
  step 100/218  Gen: 12.2865  Disc: 0.2434
  step 150/218  Gen: 16.2803  Disc: 0.1094
  step 200/218  Gen: 11.5321  Disc: 0.0878
  Epoch 平均 Generator loss: 10.568843493767835
  Epoch 平均 Discriminator loss: 0.529518213362322
Epoch 5 用时 719.5 秒
生成器权重已保存: ./models/generator_weights_latest.h5
训练用的 df 已保存: ./models/df_used.pkl
